This is pdfTeX, Version 3.141592653-2.6-1.40.25 (MiKTeX 23.5) (preloaded format=pdflatex 2023.5.23)  13 SEP 2023 19:32
entering extended mode
 restricted \write18 enabled.
 %&-line parsing enabled.
**./MAS350-converted_html.tex
(MAS350-converted_html.tex
LaTeX2e <2022-11-01> patch level 1
L3 programming layer <2023-05-15> (MAS350-converted.tex
(C:\Program Files\MiKTeX 2.9\tex/latex/base\report.cls
Document Class: report 2022/07/02 v1.4n Standard LaTeX document class
(C:\Program Files\MiKTeX 2.9\tex/latex/base\size10.clo
File: size10.clo 2022/07/02 v1.4n Standard LaTeX file (size option)
)
\c@part=\count185
\c@chapter=\count186
\c@section=\count187
\c@subsection=\count188
\c@subsubsection=\count189
\c@paragraph=\count190
\c@subparagraph=\count191
\c@figure=\count192
\c@table=\count193
\abovecaptionskip=\skip48
\belowcaptionskip=\skip49
\bibindent=\dimen140
)
(C:\Users\nicfr\AppData\Roaming\MiKTeX\2.9\tex/generic/iftex\iftex.sty
Package: iftex 2022/02/03 v1.0f TeX engine tests
)
(C:\Program Files\MiKTeX 2.9\tex/latex/lm\lmodern.sty
Package: lmodern 2015/05/01 v1.6.1 Latin Modern Fonts
LaTeX Font Info:    Overwriting symbol font `operators' in version `normal'
(Font)                  OT1/cmr/m/n --> OT1/lmr/m/n on input line 22.
LaTeX Font Info:    Overwriting symbol font `letters' in version `normal'
(Font)                  OML/cmm/m/it --> OML/lmm/m/it on input line 23.
LaTeX Font Info:    Overwriting symbol font `symbols' in version `normal'
(Font)                  OMS/cmsy/m/n --> OMS/lmsy/m/n on input line 24.
LaTeX Font Info:    Overwriting symbol font `largesymbols' in version `normal'
(Font)                  OMX/cmex/m/n --> OMX/lmex/m/n on input line 25.
LaTeX Font Info:    Overwriting symbol font `operators' in version `bold'
(Font)                  OT1/cmr/bx/n --> OT1/lmr/bx/n on input line 26.
LaTeX Font Info:    Overwriting symbol font `letters' in version `bold'
(Font)                  OML/cmm/b/it --> OML/lmm/b/it on input line 27.
LaTeX Font Info:    Overwriting symbol font `symbols' in version `bold'
(Font)                  OMS/cmsy/b/n --> OMS/lmsy/b/n on input line 28.
LaTeX Font Info:    Overwriting symbol font `largesymbols' in version `bold'
(Font)                  OMX/cmex/m/n --> OMX/lmex/m/n on input line 29.
LaTeX Font Info:    Overwriting math alphabet `\mathbf' in version `normal'
(Font)                  OT1/cmr/bx/n --> OT1/lmr/bx/n on input line 31.
LaTeX Font Info:    Overwriting math alphabet `\mathsf' in version `normal'
(Font)                  OT1/cmss/m/n --> OT1/lmss/m/n on input line 32.
LaTeX Font Info:    Overwriting math alphabet `\mathit' in version `normal'
(Font)                  OT1/cmr/m/it --> OT1/lmr/m/it on input line 33.
LaTeX Font Info:    Overwriting math alphabet `\mathtt' in version `normal'
(Font)                  OT1/cmtt/m/n --> OT1/lmtt/m/n on input line 34.
LaTeX Font Info:    Overwriting math alphabet `\mathbf' in version `bold'
(Font)                  OT1/cmr/bx/n --> OT1/lmr/bx/n on input line 35.
LaTeX Font Info:    Overwriting math alphabet `\mathsf' in version `bold'
(Font)                  OT1/cmss/bx/n --> OT1/lmss/bx/n on input line 36.
LaTeX Font Info:    Overwriting math alphabet `\mathit' in version `bold'
(Font)                  OT1/cmr/bx/it --> OT1/lmr/bx/it on input line 37.
LaTeX Font Info:    Overwriting math alphabet `\mathtt' in version `bold'
(Font)                  OT1/cmtt/m/n --> OT1/lmtt/m/n on input line 38.
)
(C:\Program Files\MiKTeX 2.9\tex/latex/base\fontenc.sty
Package: fontenc 2021/04/29 v2.0v Standard LaTeX package
LaTeX Font Info:    Trying to load font information for T1+lmr on input line 11
2.

(C:\Program Files\MiKTeX 2.9\tex/latex/lm\t1lmr.fd
File: t1lmr.fd 2015/05/01 v1.6.1 Font defs for Latin Modern
))
(C:\Program Files\MiKTeX 2.9\tex/latex/base\inputenc.sty
Package: inputenc 2021/02/14 v1.3d Input encoding file
\inpenc@prehook=\toks16
\inpenc@posthook=\toks17
)
(C:\Program Files\MiKTeX 2.9\tex/latex/lwarp\lwarp.sty
Package: lwarp 2023/02/28 v0.911 Allows LaTeX to directly produce HTML5 output.


(C:\Users\nicfr\AppData\Roaming\MiKTeX\2.9\tex/generic/iftex\ifpdf.sty
Package: ifpdf 2019/10/25 v3.4 ifpdf legacy package. Use iftex instead.
)
(C:\Users\nicfr\AppData\Roaming\MiKTeX\2.9\tex/latex/ifptex\ifptex.sty
Package: ifptex 2023/04/08 v2.2c pTeX checker
)
(C:\Program Files\MiKTeX 2.9\tex/latex/etoolbox\etoolbox.sty
Package: etoolbox 2020/10/05 v2.5k e-TeX tools for LaTeX (JAW)
\etb@tempcnta=\count194
)
(C:\Users\nicfr\AppData\Roaming\MiKTeX\2.9\tex/latex/xpatch\xpatch.sty
(C:\Users\nicfr\AppData\Roaming\MiKTeX\2.9\tex/latex/l3kernel\expl3.sty
Package: expl3 2023-05-15 L3 programming layer (loader) 

(C:\Users\nicfr\AppData\Roaming\MiKTeX\2.9\tex/latex/l3backend\l3backend-pdftex
.def
File: l3backend-pdftex.def 2023-04-19 L3 backend support: PDF output (pdfTeX)
\l__color_backend_stack_int=\count195
\l__pdf_internal_box=\box51
))
Package: xpatch 2020/03/25 v0.3a Extending etoolbox patching commands

(C:\Users\nicfr\AppData\Roaming\MiKTeX\2.9\tex/latex/l3packages/xparse\xparse.s
ty
Package: xparse 2023-02-02 L3 Experimental document command parser
))
(C:\Users\nicfr\AppData\Roaming\MiKTeX\2.9\tex/latex/ifplatform\ifplatform.sty
Package: ifplatform 2017/10/13 v0.4a Testing for the operating system

(C:\Users\nicfr\AppData\Roaming\MiKTeX\2.9\tex/latex/tools\shellesc.sty
Package: shellesc 2019/11/08 v1.0c unified shell escape interface for LaTeX
Package shellesc Info: Restricted shell escape enabled on input line 77.
)
(C:\Users\nicfr\AppData\Roaming\MiKTeX\2.9\tex/generic/pdftexcmds\pdftexcmds.st
y
Package: pdftexcmds 2020-06-27 v0.33 Utility functions of pdfTeX for LuaTeX (HO
)

(C:\Users\nicfr\AppData\Roaming\MiKTeX\2.9\tex/generic/infwarerr\infwarerr.sty
Package: infwarerr 2019/12/03 v1.5 Providing info/warning/error messages (HO)
) (C:\Users\nicfr\AppData\Roaming\MiKTeX\2.9\tex/generic/ltxcmds\ltxcmds.sty
Package: ltxcmds 2020-05-10 v1.25 LaTeX kernel commands for general use (HO)
)
Package pdftexcmds Info: \pdf@primitive is available.
Package pdftexcmds Info: \pdf@ifprimitive is available.
Package pdftexcmds Info: \pdfdraftmode found.
)
(C:\Users\nicfr\AppData\Roaming\MiKTeX\2.9\tex/generic/catchfile\catchfile.sty
Package: catchfile 2019/12/09 v1.8 Catch the contents of a file (HO)

(C:\Users\nicfr\AppData\Roaming\MiKTeX\2.9\tex/generic/etexcmds\etexcmds.sty
Package: etexcmds 2019/12/15 v1.7 Avoid name clashes with e-TeX commands (HO)
))
(C:\Users\nicfr\AppData\Roaming\MiKTeX\2.9\tex/generic/iftex\ifluatex.sty
Package: ifluatex 2019/10/25 v1.5 ifluatex legacy package. Use iftex instead.
)

Package ifplatform Warning: 
    shell escape is disabled, so I can only detect \ifwindows.

)
(C:\Users\nicfr\AppData\Roaming\MiKTeX\2.9\tex/latex/letltxmacro\letltxmacro.st
y
Package: letltxmacro 2019/12/03 v1.6 Let assignment for LaTeX macros (HO)
) (C:\Program Files\MiKTeX 2.9\tex/latex/base\fontenc.sty
Package: fontenc 2021/04/29 v2.0v Standard LaTeX package
)
(C:\Users\nicfr\AppData\Roaming\MiKTeX\2.9\tex/latex/newunicodechar\newunicodec
har.sty
Package: newunicodechar 2018/04/08 v1.2 Defining Unicode characters
)

Package newunicodechar Warning: Redefining Unicode character on input line 859.



Package newunicodechar Warning: Redefining Unicode character on input line 860.



Package newunicodechar Warning: Redefining Unicode character on input line 861.



Package newunicodechar Warning: Redefining Unicode character on input line 862.



Package newunicodechar Warning: Redefining Unicode character on input line 863.



Package newunicodechar Warning: Redefining Unicode character on input line 864.



Package newunicodechar Warning: Redefining Unicode character on input line 865.


(C:\Users\nicfr\AppData\Roaming\MiKTeX\2.9\tex/latex/upquote\upquote.sty
Package: upquote 2012/04/19 v1.3 upright-quote and grave-accent glyphs in verba
tim

(C:\Program Files\MiKTeX 2.9\tex/latex/base\textcomp.sty
Package: textcomp 2020/02/02 v2.0n Standard LaTeX package
))
\LWR@templengthone=\skip50
\LWR@templengthtwo=\skip51
\LWR@templengththree=\skip52
\c@LWR@tempcountone=\count196
\c@LWR@texboxdepth=\count197

(C:\Users\nicfr\AppData\Roaming\MiKTeX\2.9\tex/latex/kvoptions\kvoptions.sty
Package: kvoptions 2022-06-15 v3.15 Key value format for package options (HO)

(C:\Program Files\MiKTeX 2.9\tex/latex/graphics\keyval.sty
Package: keyval 2022/05/29 v1.15 key=value parser (DPC)
\KV@toks@=\toks18
)
(C:\Users\nicfr\AppData\Roaming\MiKTeX\2.9\tex/latex/kvsetkeys\kvsetkeys.sty
Package: kvsetkeys 2022-10-05 v1.19 Key value parser (HO)
))
Package lwarp Info: Using option 'warpHTML' on input line 1186.
Package lwarp Info: Using option 'mathjax' on input line 1186.

(C:\Users\nicfr\AppData\Roaming\MiKTeX\2.9\tex/latex/comment\comment.sty
\CommentStream=\write3

Excluding comment 'comment') Lwarp: Including comment 'warpall'
Lwarp: Including comment 'warpHTML' Lwarp: Excluding comment 'warpprint'
Excluding 'warpprint' comment. Including 'warpHTML' comment.
\openout3 = `comment_html.cut'.


Straight input of comment_html.cut. (comment_html.cut
Lwarp: Including comment 'warpMathJax') Excluding 'warpprint' comment.
Including 'warpHTML' comment.
\openout3 = `comment_html.cut'.

 Straight input of comment_html.cut.
(comment_html.cut Lwarp: Excluding comment 'warpsvg')
Lwarp: Excluding comment 'LWRcreatelwarpmk' Including 'warpHTML' comment.
\openout3 = `comment_html.cut'.


Straight input of comment_html.cut. (comment_html.cut
(C:\Users\nicfr\AppData\Roaming\MiKTeX\2.9\tex/latex/microtype\microtype.sty
Package: microtype 2023/03/13 v3.1a Micro-typographical refinements (RS)
\MT@toks=\toks19
\MT@tempbox=\box52
\MT@count=\count198
LaTeX Info: Redefining \noprotrusionifhmode on input line 1059.
LaTeX Info: Redefining \leftprotrusion on input line 1060.
\MT@prot@toks=\toks20
LaTeX Info: Redefining \rightprotrusion on input line 1078.
LaTeX Info: Redefining \textls on input line 1368.
\MT@outer@kern=\dimen141
LaTeX Info: Redefining \textmicrotypecontext on input line 1988.
\MT@listname@count=\count199

(C:\Users\nicfr\AppData\Roaming\MiKTeX\2.9\tex/latex/microtype\microtype-pdftex
.def
File: microtype-pdftex.def 2023/03/13 v3.1a Definitions specific to pdftex (RS)

LaTeX Info: Redefining \lsstyle on input line 902.
LaTeX Info: Redefining \lslig on input line 902.
\MT@outer@space=\skip53
)
Package microtype Info: Loading configuration file microtype.cfg.

(C:\Users\nicfr\AppData\Roaming\MiKTeX\2.9\tex/latex/microtype\microtype.cfg
File: microtype.cfg 2023/03/13 v3.1a microtype main configuration file (RS)
))) Including 'warpHTML' comment.
\openout3 = `comment_html.cut'.

 Straight input of comment_html.cut.
(comment_html.cut (C:\Program Files\MiKTeX 2.9\tex/latex/geometry\geometry.sty
Package: geometry 2020/01/02 v5.9 Page Geometry

(C:\Users\nicfr\AppData\Roaming\MiKTeX\2.9\tex/generic/iftex\ifvtex.sty
Package: ifvtex 2019/10/25 v1.7 ifvtex legacy package. Use iftex instead.
)
\Gm@cnth=\count266
\Gm@cntv=\count267
\c@Gm@tempcnt=\count268
\Gm@bindingoffset=\dimen142
\Gm@wd@mp=\dimen143
\Gm@odd@mp=\dimen144
\Gm@even@mp=\dimen145
\Gm@layoutwidth=\dimen146
\Gm@layoutheight=\dimen147
\Gm@layouthoffset=\dimen148
\Gm@layoutvoffset=\dimen149
\Gm@dimlist=\toks21

(C:\Program Files\MiKTeX 2.9\tex/latex/geometry\geometry.cfg)))
Including 'warpall' comment.
\openout3 = `comment_all.cut'.

 Straight input of comment_all.cut.
(comment_all.cut
(C:\Users\nicfr\AppData\Roaming\MiKTeX\2.9\tex/latex/tools\calc.sty
Package: calc 2017/05/25 v4.3 Infix arithmetic (KKT,FJ)
\calc@Acount=\count269
\calc@Bcount=\count270
\calc@Adimen=\dimen150
\calc@Bdimen=\dimen151
\calc@Askip=\skip54
\calc@Bskip=\skip55
LaTeX Info: Redefining \setlength on input line 80.
LaTeX Info: Redefining \addtolength on input line 81.
\calc@Ccount=\count271
\calc@Cskip=\skip56
))
Including 'warpHTML' comment.
\openout3 = `comment_html.cut'.

 Straight input of comment_html.cut.
(comment_html.cut
(C:\Users\nicfr\AppData\Roaming\MiKTeX\2.9\tex/generic/gettitlestring\gettitles
tring.sty
Package: gettitlestring 2019/12/15 v1.6 Cleanup title references (HO)
)) Including 'warpall' comment.
\openout3 = `comment_all.cut'.

 Straight input of comment_all.cut.
(comment_all.cut) Including 'warpHTML' comment.
\openout3 = `comment_html.cut'.


Straight input of comment_html.cut. (comment_html.cut
(C:\Users\nicfr\AppData\Roaming\MiKTeX\2.9\tex/latex/xifthen\xifthen.sty
Package: xifthen 2015/11/05 v1.4.0 Extended ifthen features

(C:\Program Files\MiKTeX 2.9\tex/latex/base\ifthen.sty
Package: ifthen 2022/04/13 v1.1d Standard LaTeX ifthen package (DPC)
)
(C:\Users\nicfr\AppData\Roaming\MiKTeX\2.9\tex/latex/ifmtarg\ifmtarg.sty
Package: ifmtarg 2018/04/16 v1.2b check for an empty argument
))
(C:\Users\nicfr\AppData\Roaming\MiKTeX\2.9\tex/latex/tools\verbatim.sty
Package: verbatim 2022-07-02 v1.5u LaTeX2e package for verbatim enhancements
\every@verbatim=\toks22
\verbatim@line=\toks23
\verbatim@in@stream=\read2
)
(C:\Users\nicfr\AppData\Roaming\MiKTeX\2.9\tex/latex/refcount\refcount.sty
Package: refcount 2019/12/15 v3.6 Data extraction from label references (HO)
)
(C:\Users\nicfr\AppData\Roaming\MiKTeX\2.9\tex/latex/newfloat\newfloat.sty
Package: newfloat 2019/09/02 v1.1l Defining new floating environments (AR)
Package newfloat Info: Document class `report' detected.
))
Including 'warpall' comment.
\openout3 = `comment_all.cut'.

 Straight input of comment_all.cut.
(comment_all.cut
(C:\Users\nicfr\AppData\Roaming\MiKTeX\2.9\tex/latex/xstring__\xstring.sty
(C:\Users\nicfr\AppData\Roaming\MiKTeX\2.9\tex/generic/xstring__\xstring.tex
\@xs@message=\write4
\integerpart=\count272
\decimalpart=\count273
)
Package: xstring 2013/10/13  v1.7c  String manipulations (C Tellechea)
)

LaTeX Warning: You have requested, on input line 2, version
               `2019/02/01' of package xstring,
               but only version
               `2013/10/13  v1.7c  String manipulations (C Tellechea)'
               is available.

(C:\Users\nicfr\AppData\Roaming\MiKTeX\2.9\tex/latex/environ\environ.sty
Package: environ 2014/05/04 v0.3 A new way to define environments

(C:\Users\nicfr\AppData\Roaming\MiKTeX\2.9\tex/latex/trimspaces\trimspaces.sty
Package: trimspaces 2009/09/17 v1.1 Trim spaces around a token list
)
\@envbody=\toks24
)) Including 'warpHTML' comment.
\openout3 = `comment_html.cut'.

 Straight input of comment_html.cut.
(comment_html.cut
(C:\Users\nicfr\AppData\Roaming\MiKTeX\2.9\tex/latex/printlen\printlen.sty
Package: printlen 2009/09/03 v1.1a print lengths with units
))
Including 'warpall' comment.
\openout3 = `comment_all.cut'.

 Straight input of comment_all.cut.
(comment_all.cut) Including 'warpHTML' comment.
\openout3 = `comment_html.cut'.


Straight input of comment_html.cut. (comment_html.cut)
Including 'warpall' comment.
\openout3 = `comment_all.cut'.

 Straight input of comment_all.cut.
(comment_all.cut
\LWR@quickfile=\write5
) Including 'warpHTML' comment.
\openout3 = `comment_html.cut'.


Straight input of comment_html.cut. (comment_html.cut
\LWR@lateximagesfile=\write6
)
Including 'warpHTML' comment.
\openout3 = `comment_html.cut'.

 Straight input of comment_html.cut.
(comment_html.cut) Including 'warpHTML' comment.
\openout3 = `comment_html.cut'.


Straight input of comment_html.cut. (comment_html.cut
\LWR@copyoutfile=\write7
\LWR@copyinfile=\read3
)
Including 'warpall' comment.
\openout3 = `comment_all.cut'.

 Straight input of comment_all.cut.
(comment_all.cut) Including 'warpall' comment.
\openout3 = `comment_all.cut'.


Straight input of comment_all.cut. (comment_all.cut)
Including 'warpHTML' comment.
\openout3 = `comment_html.cut'.

 Straight input of comment_html.cut.
(comment_html.cut) Including 'warpall' comment.
\openout3 = `comment_all.cut'.


Straight input of comment_all.cut. (comment_all.cut)
Including 'warpHTML' comment.
\openout3 = `comment_html.cut'.

 Straight input of comment_html.cut.
(comment_html.cut) Including 'warpHTML' comment.
\openout3 = `comment_html.cut'.


Straight input of comment_html.cut. (comment_html.cut)
Including 'warpHTML' comment.
\openout3 = `comment_html.cut'.

 Straight input of comment_html.cut.
(comment_html.cut) Lwarp: Excluding comment 'LWRwriteconf'
Excluding 'warpprint' comment. Excluding 'LWRwriteconf' comment.
Excluding 'LWRwriteconf' comment. Excluding 'LWRwriteconf' comment.
Excluding 'LWRwriteconf' comment. Excluding 'LWRwriteconf' comment.
Excluding 'LWRwriteconf' comment. Excluding 'LWRwriteconf' comment.
Excluding 'LWRwriteconf' comment. Excluding 'LWRwriteconf' comment.
Excluding 'LWRwriteconf' comment. Excluding 'LWRwriteconf' comment.
Excluding 'LWRwriteconf' comment. Excluding 'LWRcreatelwarpmk' comment.
Including 'warpHTML' comment.
\openout3 = `comment_html.cut'.

 Straight input of comment_html.cut.
(comment_html.cut) Including 'warpHTML' comment.
\openout3 = `comment_html.cut'.


Straight input of comment_html.cut. (comment_html.cut)
Including 'warpall' comment.
\openout3 = `comment_all.cut'.

 Straight input of comment_all.cut.
(comment_all.cut) Including 'warpHTML' comment.
\openout3 = `comment_html.cut'.


Straight input of comment_html.cut. (comment_html.cut)
Including 'warpall' comment.
\openout3 = `comment_all.cut'.

 Straight input of comment_all.cut.
(comment_all.cut) Including 'warpHTML' comment.
\openout3 = `comment_html.cut'.


Straight input of comment_html.cut. (comment_html.cut)
Including 'warpall' comment.
\openout3 = `comment_all.cut'.

 Straight input of comment_all.cut.
(comment_all.cut) Including 'warpHTML' comment.
\openout3 = `comment_html.cut'.


Straight input of comment_html.cut. (comment_html.cut
\c@LWR@HTMLpagenum=\count274
\c@LWR@htmlseqfilenumber=\count275
\c@LWR@htmlfilenumber=\count276
)
Including 'warpall' comment.
\openout3 = `comment_all.cut'.

 Straight input of comment_all.cut.
(comment_all.cut) Including 'warpHTML' comment.
\openout3 = `comment_html.cut'.


Straight input of comment_html.cut. (comment_html.cut)
Excluding 'warpprint' comment. Including 'warpHTML' comment.
\openout3 = `comment_html.cut'.


Straight input of comment_html.cut. (comment_html.cut)
Including 'warpall' comment.
\openout3 = `comment_all.cut'.

 Straight input of comment_all.cut.
(comment_all.cut) Excluding 'warpprint' comment. Including 'warpHTML' comment.
\openout3 = `comment_html.cut'.


Straight input of comment_html.cut. (comment_html.cut)
Including 'warpHTML' comment.
\openout3 = `comment_html.cut'.

 Straight input of comment_html.cut.
(comment_html.cut) Excluding 'warpprint' comment.
Including 'warpHTML' comment.
\openout3 = `comment_html.cut'.

 Straight input of comment_html.cut.
(comment_html.cut) Including 'warpHTML' comment.
\openout3 = `comment_html.cut'.


Straight input of comment_html.cut. (comment_html.cut)
Including 'warpHTML' comment.
\openout3 = `comment_html.cut'.

 Straight input of comment_html.cut.
(comment_html.cut) Including 'warpall' comment.
\openout3 = `comment_all.cut'.


Straight input of comment_all.cut. (comment_all.cut)
Including 'warpHTML' comment.
\openout3 = `comment_html.cut'.

 Straight input of comment_html.cut.
(comment_html.cut) Including 'warpall' comment.
\openout3 = `comment_all.cut'.


Straight input of comment_all.cut. (comment_all.cut)
Including 'warpHTML' comment.
\openout3 = `comment_html.cut'.

 Straight input of comment_html.cut.
(comment_html.cut) Including 'warpall' comment.
\openout3 = `comment_all.cut'.


Straight input of comment_all.cut. (comment_all.cut)
Including 'warpHTML' comment.
\openout3 = `comment_html.cut'.

 Straight input of comment_html.cut.
(comment_html.cut) Including 'warpall' comment.
\openout3 = `comment_all.cut'.


Straight input of comment_all.cut. (comment_all.cut)
Including 'warpHTML' comment.
\openout3 = `comment_html.cut'.

 Straight input of comment_html.cut.
(comment_html.cut) Including 'warpHTML' comment.
\openout3 = `comment_html.cut'.


Straight input of comment_html.cut. (comment_html.cut)
Including 'warpHTML' comment.
\openout3 = `comment_html.cut'.

 Straight input of comment_html.cut.
(comment_html.cut
\c@LWR@spandepth=\count277
) Including 'warpHTML' comment.
\openout3 = `comment_html.cut'.


Straight input of comment_html.cut. (comment_html.cut)
Including 'warpHTML' comment.
\openout3 = `comment_html.cut'.

 Straight input of comment_html.cut.
(comment_html.cut) Including 'warpall' comment.
\openout3 = `comment_all.cut'.


Straight input of comment_all.cut. (comment_all.cut)
Including 'warpHTML' comment.
\openout3 = `comment_html.cut'.

 Straight input of comment_html.cut.
(comment_html.cut) Excluding 'warpprint' comment.
Including 'warpHTML' comment.
\openout3 = `comment_html.cut'.

 Straight input of comment_html.cut.
(comment_html.cut) Excluding 'warpprint' comment.
Including 'warpHTML' comment.
\openout3 = `comment_html.cut'.

 Straight input of comment_html.cut.
(comment_html.cut) Including 'warpall' comment.
\openout3 = `comment_all.cut'.


Straight input of comment_all.cut. (comment_all.cut)
Including 'warpall' comment.
\openout3 = `comment_all.cut'.

 Straight input of comment_all.cut.
(comment_all.cut
\c@FootnoteDepth=\count278
\c@footnoteReset=\count279
) Including 'warpHTML' comment.
\openout3 = `comment_html.cut'.


Straight input of comment_html.cut. (comment_html.cut
\LWR@footnotebox=\box53
\LWR@mpfootnotes=\box54
)
Including 'warpHTML' comment.
\openout3 = `comment_html.cut'.

 Straight input of comment_html.cut.
(comment_html.cut) Excluding 'warpprint' comment.
\c@LWR@currentautosecpage=\count280
\c@LWR@currentautosecfloatpage=\count281
\c@LWR@previousautopagelabel=\count282
 Including 'warpall' comment.
\openout3 = `comment_all.cut'.


Straight input of comment_all.cut. (comment_all.cut
\c@FileDepth=\count283
)
Including 'warpHTML' comment.
\openout3 = `comment_html.cut'.

 Straight input of comment_html.cut.
(comment_html.cut) Including 'warpMathJax' comment.
\openout3 = `comment_mathjax.cut'.


Straight input of comment_mathjax.cut. (comment_mathjax.cut)
Including 'warpMathJax' comment.
\openout3 = `comment_mathjax.cut'.

 Straight input of comment_mathjax.cut.
(comment_mathjax.cut) Including 'warpHTML' comment.
\openout3 = `comment_html.cut'.


Straight input of comment_html.cut. (comment_html.cut)
Excluding 'warpprint' comment. Including 'warpHTML' comment.
\openout3 = `comment_html.cut'.


Straight input of comment_html.cut. (comment_html.cut)
Including 'warpHTML' comment.
\openout3 = `comment_html.cut'.

 Straight input of comment_html.cut.
(comment_html.cut) Excluding 'warpprint' comment.
Including 'warpHTML' comment.
\openout3 = `comment_html.cut'.

 Straight input of comment_html.cut.
(comment_html.cut
\c@LWR@prevFileDepth=\count284
) Including 'warpall' comment.
\openout3 = `comment_all.cut'.


Straight input of comment_all.cut. (comment_all.cut)
Including 'warpHTML' comment.
\openout3 = `comment_html.cut'.

 Straight input of comment_html.cut.
(comment_html.cut) Including 'warpHTML' comment.
\openout3 = `comment_html.cut'.


Straight input of comment_html.cut. (comment_html.cut)
Including 'warpHTML' comment.
\openout3 = `comment_html.cut'.

 Straight input of comment_html.cut.
(comment_html.cut) Including 'warpall' comment.
\openout3 = `comment_all.cut'.


Straight input of comment_all.cut. (comment_all.cut)
Including 'warpall' comment.
\openout3 = `comment_all.cut'.

 Straight input of comment_all.cut.
(comment_all.cut) Excluding 'warpprint' comment. Including 'warpHTML' comment.
\openout3 = `comment_html.cut'.


Straight input of comment_html.cut. (comment_html.cut)
Excluding 'warpprint' comment. Including 'warpHTML' comment.
\openout3 = `comment_html.cut'.


Straight input of comment_html.cut. (comment_html.cut)
Including 'warpHTML' comment.
\openout3 = `comment_html.cut'.

 Straight input of comment_html.cut.
(comment_html.cut) Excluding 'warpprint' comment.
Including 'warpHTML' comment.
\openout3 = `comment_html.cut'.

 Straight input of comment_html.cut.
(comment_html.cut) Including 'warpall' comment.
\openout3 = `comment_all.cut'.


Straight input of comment_all.cut. (comment_all.cut)
Including 'warpHTML' comment.
\openout3 = `comment_html.cut'.

 Straight input of comment_html.cut.
(comment_html.cut) Including 'warpall' comment.
\openout3 = `comment_all.cut'.


Straight input of comment_all.cut. (comment_all.cut)
Including 'warpHTML' comment.
\openout3 = `comment_html.cut'.

 Straight input of comment_html.cut.
(comment_html.cut) Including 'warpHTML' comment.
\openout3 = `comment_html.cut'.


Straight input of comment_html.cut. (comment_html.cut)
Including 'warpHTML' comment.
\openout3 = `comment_html.cut'.

 Straight input of comment_html.cut.
(comment_html.cut) Including 'warpall' comment.
\openout3 = `comment_all.cut'.


Straight input of comment_all.cut. (comment_all.cut
\HTMLvleftskip=\skip57
\HTMLleftmargini=\skip58
)
Including 'warpall' comment.
\openout3 = `comment_all.cut'.

 Straight input of comment_all.cut.
(comment_all.cut
\VerbatimHTMLWidth=\skip59
) Including 'warpHTML' comment.
\openout3 = `comment_html.cut'.


Straight input of comment_html.cut. (comment_html.cut)
Including 'warpHTML' comment.
\openout3 = `comment_html.cut'.

 Straight input of comment_html.cut.
(comment_html.cut) Including 'warpHTML' comment.
\openout3 = `comment_html.cut'.


Straight input of comment_html.cut. (comment_html.cut)
Including 'warpHTML' comment.
\openout3 = `comment_html.cut'.

 Straight input of comment_html.cut.
(comment_html.cut
\c@LWR@hlines=\count285
\c@LWR@hdashedlines=\count286
\c@LWR@tabulardepth=\count287
\c@LWR@tabularpardepth=\count288
\c@LWR@tablecolspecwidth=\count289
\c@LWR@tablecolspecindex=\count290
\c@LWR@tableLaTeXcolindex=\count291
\c@LWR@tabletotalLaTeXcols=\count292
\c@LWR@tabletotalLaTeXcolsnext=\count293
\c@LWR@cellcolordepth=\count294
\c@LWR@tablemulticolswidth=\count295
\c@LWR@tablemulticolspos=\count296
\c@LWR@mcolvertbarsl=\count297
\c@LWR@mcolvertbarsr=\count298
\c@LWR@mcolvertbarsldash=\count299
\c@LWR@mcolvertbarsrdash=\count300
\c@LWR@midrulecounter=\count301
) Including 'warpHTML' comment.
\openout3 = `comment_html.cut'.


Straight input of comment_html.cut. (comment_html.cut)
Excluding 'warpprint' comment. Including 'warpHTML' comment.
\openout3 = `comment_html.cut'.


Straight input of comment_html.cut. (comment_html.cut
\rownum=\count302
\LWR@heavyrulewidth=\skip60
\LWR@lightrulewidth=\skip61
\LWR@cmidrulewidth=\skip62
\LWR@thiscmidrulewidth=\skip63
\c@LWR@lastmulticolumn=\count303
\c@LWR@tabhtmlcolindex=\count304
\c@LWR@tabhtmlcolend=\count305
\c@LWR@tabhtmlcoltotal=\count306
)
Including 'warpHTML' comment.
\openout3 = `comment_html.cut'.

 Straight input of comment_html.cut.
(comment_html.cut) Including 'warpall' comment.
\openout3 = `comment_all.cut'.


Straight input of comment_all.cut. (comment_all.cut)
Including 'warpHTML' comment.
\openout3 = `comment_html.cut'.

 Straight input of comment_html.cut.
(comment_html.cut) Including 'warpall' comment.
\openout3 = `comment_all.cut'.


Straight input of comment_all.cut. (comment_all.cut)
Including 'warpHTML' comment.
\openout3 = `comment_html.cut'.

 Straight input of comment_html.cut.
(comment_html.cut) Excluding 'warpprint' comment.
Including 'warpHTML' comment.
\openout3 = `comment_html.cut'.

 Straight input of comment_html.cut.
(comment_html.cut) Including 'warpall' comment.
\openout3 = `comment_all.cut'.


Straight input of comment_all.cut. (comment_all.cut)
Including 'warpall' comment.
\openout3 = `comment_all.cut'.

 Straight input of comment_all.cut.
(comment_all.cut) Including 'warpHTML' comment.
\openout3 = `comment_html.cut'.


Straight input of comment_html.cut. (comment_html.cut)
Including 'warpHTML' comment.
\openout3 = `comment_html.cut'.

 Straight input of comment_html.cut.
(comment_html.cut) Including 'warpHTML' comment.
\openout3 = `comment_html.cut'.


Straight input of comment_html.cut. (comment_html.cut
\c@LWR@thisautoid=\count307
\c@LWR@thisautoidWP=\count308
\c@LWR@nextautoid=\count309
\c@LWR@nextautopage=\count310

(C:\Users\nicfr\AppData\Roaming\MiKTeX\2.9\tex/latex/capt-of\capt-of.sty
Package: capt-of 2009/12/29 v0.2 standard captions outside of floats
))
Including 'warpHTML' comment.
\openout3 = `comment_html.cut'.

 Straight input of comment_html.cut.
(comment_html.cut) Including 'warpall' comment.
\openout3 = `comment_all.cut'.


Straight input of comment_all.cut. (comment_all.cut
\c@SideTOCDepth=\count311
)
Including 'warpHTML' comment.
\openout3 = `comment_html.cut'.

 Straight input of comment_html.cut.
(comment_html.cut
\c@lofdepth=\count312
\c@lotdepth=\count313
) Including 'warpHTML' comment.
\openout3 = `comment_html.cut'.


Straight input of comment_html.cut. (comment_html.cut
\c@LWR@autoindex=\count314
\c@LWR@autoglossary=\count315
)
Excluding 'warpprint' comment. Including 'warpall' comment.
\openout3 = `comment_all.cut'.


Straight input of comment_all.cut. (comment_all.cut)
Including 'warpHTML' comment.
\openout3 = `comment_html.cut'.

 Straight input of comment_html.cut.
(comment_html.cut) Including 'warpHTML' comment.
\openout3 = `comment_html.cut'.


Straight input of comment_html.cut. (comment_html.cut)
Including 'warpHTML' comment.
\openout3 = `comment_html.cut'.

 Straight input of comment_html.cut.
(comment_html.cut) Including 'warpall' comment.
\openout3 = `comment_all.cut'.


Straight input of comment_all.cut. (comment_all.cut)
Including 'warpHTML' comment.
\openout3 = `comment_html.cut'.

 Straight input of comment_html.cut.
(comment_html.cut
\c@LWR@externalfilecnt=\count316
\LWR@singledollarwidth=\skip64
\LWR@singledollarheight=\skip65
\LWR@singledollardepth=\skip66
\LWR@singledollarbox=\box55
\c@LWR@nextequation=\count317
) Excluding 'warpprint' comment.
Including 'warpHTML' comment.
\openout3 = `comment_html.cut'.

 Straight input of comment_html.cut.
(comment_html.cut) Including 'warpHTML' comment.
\openout3 = `comment_html.cut'.


Straight input of comment_html.cut. (comment_html.cut
\c@LWR@lateximagenumber=\count318
\c@LWR@lateximagedepth=\count319
\c@LWR@LIpage=\count320
)
Including 'warpall' comment.
\openout3 = `comment_all.cut'.

 Straight input of comment_all.cut.
(comment_all.cut) Including 'warpHTML' comment.
\openout3 = `comment_html.cut'.


Straight input of comment_html.cut. (comment_html.cut
\c@LWR@startingequation=\count321
)
Excluding 'warpprint' comment. Including 'warpHTML' comment.
\openout3 = `comment_html.cut'.


Straight input of comment_html.cut. (comment_html.cut)
Including 'warpHTML' comment.
\openout3 = `comment_html.cut'.

 Straight input of comment_html.cut.
(comment_html.cut) Including 'warpHTML' comment.
\openout3 = `comment_html.cut'.


Straight input of comment_html.cut. (comment_html.cut)
Excluding 'warpprint' comment. Excluding 'warpprint' comment.
Including 'warpall' comment.
\openout3 = `comment_all.cut'.

 Straight input of comment_all.cut.
(comment_all.cut) Excluding 'warpprint' comment. Including 'warpHTML' comment.
\openout3 = `comment_html.cut'.


Straight input of comment_html.cut. (comment_html.cut)
Including 'warpHTML' comment.
\openout3 = `comment_html.cut'.

 Straight input of comment_html.cut.
(comment_html.cut) Including 'warpHTML' comment.
\openout3 = `comment_html.cut'.


Straight input of comment_html.cut. (comment_html.cut)
Including 'warpHTML' comment.
\openout3 = `comment_html.cut'.

 Straight input of comment_html.cut.
(comment_html.cut
\LWR@minipagewidth=\skip67
\LWR@minipageheight=\skip68
\c@LWR@virtualpagedepth=\count322
) Excluding 'warpprint' comment.
Including 'warpHTML' comment.
\openout3 = `comment_html.cut'.

 Straight input of comment_html.cut.
(comment_html.cut
\c@LWR@minipage@depth=\count323
\c@LWR@mpfootnote@store=\count324
\LWR@atleastonept=\skip69
) Including 'warpall' comment.
\openout3 = `comment_all.cut'.


Straight input of comment_all.cut. (comment_all.cut)
Including 'warpHTML' comment.
\openout3 = `comment_html.cut'.

 Straight input of comment_html.cut.
(comment_html.cut) Including 'warpall' comment.
\openout3 = `comment_all.cut'.


Straight input of comment_all.cut. (comment_all.cut
\LWR@fminipagebox=\box56
)
Including 'warpHTML' comment.
\openout3 = `comment_html.cut'.

 Straight input of comment_html.cut.
(comment_html.cut) Including 'warpall' comment.
\openout3 = `comment_all.cut'.


Straight input of comment_all.cut. (comment_all.cut)
Including 'warpHTML' comment.
\openout3 = `comment_html.cut'.

 Straight input of comment_html.cut.
(comment_html.cut
\c@LWR@textcurrentfontdepth=\count325
) Excluding 'warpprint' comment.
Including 'warpHTML' comment.
\openout3 = `comment_html.cut'.

 Straight input of comment_html.cut.
(comment_html.cut
\LWR@tempwidth=\skip70
\LWR@tempheight=\skip71
\LWR@tempraise=\skip72
) Including 'warpHTML' comment.
\openout3 = `comment_html.cut'.


Straight input of comment_html.cut. (comment_html.cut)
Including 'warpall' comment.
\openout3 = `comment_all.cut'.

 Straight input of comment_all.cut.
(comment_all.cut) Including 'warpHTML' comment.
\openout3 = `comment_html.cut'.


Straight input of comment_html.cut. (comment_html.cut)
Including 'warpHTML' comment.
\openout3 = `comment_html.cut'.

 Straight input of comment_html.cut.
(comment_html.cut) Including 'warpHTML' comment.
\openout3 = `comment_html.cut'.


Straight input of comment_html.cut. (comment_html.cut
(C:\Program Files\MiKTeX 2.9\tex/latex/lwarp\lwarp-array.sty
Package lwarp Info: Using package `array',
(lwarp)             and adding lwarp modifications, including options,
(lwarp)              on input line 23.
Package: lwarp-array 2018/12/30

(C:\Users\nicfr\AppData\Roaming\MiKTeX\2.9\tex/latex/tools\array.sty
Package: array 2022/09/04 v2.5g Tabular extension package (FMi)
\col@sep=\dimen152
\ar@mcellbox=\box57
\extrarowheight=\dimen153
\NC@list=\toks25
\extratabsurround=\skip73
\backup@length=\skip74
\ar@cellbox=\box58
)))
Including 'warpHTML' comment.
\openout3 = `comment_html.cut'.

 Straight input of comment_html.cut.
(comment_html.cut) Including 'warpHTML' comment.
\openout3 = `comment_html.cut'.


Straight input of comment_html.cut. (comment_html.cut)
(C:\Program Files\MiKTeX 2.9\tex/latex/lwarp\lwarp-textcomp.sty
Package lwarp Info: Using package `textcomp',
(lwarp)             and adding lwarp modifications, including options,
(lwarp)              on input line 21.
Package: lwarp-textcomp 2017/04/05
)
Including 'warpHTML' comment.
\openout3 = `comment_html.cut'.

 Straight input of comment_html.cut.
(comment_html.cut) Including 'warpHTML' comment.
\openout3 = `comment_html.cut'.


Straight input of comment_html.cut. (comment_html.cut)
Excluding 'warpprint' comment. Including 'warpHTML' comment.
\openout3 = `comment_html.cut'.


Straight input of comment_html.cut. (comment_html.cut)
Including 'warpHTML' comment.
\openout3 = `comment_html.cut'.

 Straight input of comment_html.cut.
(comment_html.cut) Including 'warpHTML' comment.
\openout3 = `comment_html.cut'.


Straight input of comment_html.cut. (comment_html.cut)
Including 'warpHTML' comment.
\openout3 = `comment_html.cut'.

 Straight input of comment_html.cut.
(comment_html.cut) Including 'warpHTML' comment.
\openout3 = `comment_html.cut'.


Straight input of comment_html.cut. (comment_html.cut))
(C:\Program Files\MiKTeX 2.9\tex/latex/lwarp\lwarp-makeidx.sty
Package lwarp Info: Using package `makeidx',
(lwarp)             and adding lwarp modifications, including options,
(lwarp)              on input line 18.
Package: lwarp-makeidx 2014/09/29

(C:\Program Files\MiKTeX 2.9\tex/latex/base\makeidx.sty
Package: makeidx 2021/10/04 v1.0m Standard LaTeX package
))
\@indexfile=\write8
\openout8 = `MAS350-converted_html.idx'.


Writing index file MAS350-converted_html.idx
(C:\Program Files\MiKTeX 2.9\tex/latex/lwarp\lwarp-xcolor.sty
Package lwarp Info: Using package `xcolor',
(lwarp)             and adding lwarp modifications, including options,
(lwarp)              on input line 21.
Package: lwarp-xcolor 2016/05/11

(C:\Users\nicfr\AppData\Roaming\MiKTeX\2.9\tex/latex/xcolor\xcolor.sty
Package: xcolor 2022/06/12 v2.14 LaTeX color extensions (UK)

(C:\Program Files\MiKTeX 2.9\tex/latex/graphics-cfg\color.cfg
File: color.cfg 2016/01/02 v1.6 sample color configuration
)
Package xcolor Info: Driver file: pdftex.def on input line 227.

(C:\Program Files\MiKTeX 2.9\tex/latex/graphics-def\pdftex.def
File: pdftex.def 2022/09/22 v1.2b Graphics/color driver for pdftex
)
(C:\Program Files\MiKTeX 2.9\tex/latex/graphics\mathcolor.ltx)
Package xcolor Info: Model `cmy' substituted by `cmy0' on input line 1353.
Package xcolor Info: Model `hsb' substituted by `rgb' on input line 1357.
Package xcolor Info: Model `RGB' extended on input line 1369.
Package xcolor Info: Model `HTML' substituted by `rgb' on input line 1371.
Package xcolor Info: Model `Hsb' substituted by `hsb' on input line 1372.
Package xcolor Info: Model `tHsb' substituted by `hsb' on input line 1373.
Package xcolor Info: Model `HSB' substituted by `hsb' on input line 1374.
Package xcolor Info: Model `Gray' substituted by `gray' on input line 1375.
Package xcolor Info: Model `wave' substituted by `hsb' on input line 1376.
))
(C:\Program Files\MiKTeX 2.9\tex/latex/amsfonts\amsfonts.sty
Package: amsfonts 2013/01/14 v3.01 Basic AMSFonts support
\@emptytoks=\toks26
\symAMSa=\mathgroup4
\symAMSb=\mathgroup5
LaTeX Font Info:    Redeclaring math symbol \hbar on input line 98.
LaTeX Font Info:    Overwriting math alphabet `\mathfrak' in version `bold'
(Font)                  U/euf/m/n --> U/euf/b/n on input line 106.
)
(C:\Program Files\MiKTeX 2.9\tex/latex/amsfonts\amssymb.sty
Package: amssymb 2013/01/14 v3.01 AMS font symbols
)
(C:\Program Files\MiKTeX 2.9\tex/latex/amsmath\amsopn.sty
Package: amsopn 2022/04/08 v2.04 operator names

(C:\Program Files\MiKTeX 2.9\tex/latex/amsmath\amsgen.sty
File: amsgen.sty 1999/11/30 v2.0 generic functions
\@emptytoks=\toks27
\ex@=\dimen154
))
(C:\Program Files\MiKTeX 2.9\tex/latex/lwarp\lwarp-amsmath.sty
Package lwarp Info: Using package `amsmath',
(lwarp)             and adding lwarp modifications, including options,
(lwarp)              on input line 18.
Package: lwarp-amsmath 2017/09/02

(C:\Program Files\MiKTeX 2.9\tex/latex/amsmath\amsmath.sty
Package: amsmath 2022/04/08 v2.17n AMS math features
\@mathmargin=\skip75

For additional information on amsmath, use the `?' option.
(C:\Program Files\MiKTeX 2.9\tex/latex/amsmath\amstext.sty
Package: amstext 2021/08/26 v2.01 AMS text
)
(C:\Program Files\MiKTeX 2.9\tex/latex/amsmath\amsbsy.sty
Package: amsbsy 1999/11/29 v1.2d Bold Symbols
\pmbraise@=\dimen155
)
\inf@bad=\count326
LaTeX Info: Redefining \frac on input line 234.
\uproot@=\count327
\leftroot@=\count328
LaTeX Info: Redefining \overline on input line 399.
LaTeX Info: Redefining \colon on input line 410.
\classnum@=\count329
\DOTSCASE@=\count330
LaTeX Info: Redefining \ldots on input line 496.
LaTeX Info: Redefining \dots on input line 499.
LaTeX Info: Redefining \cdots on input line 620.
\Mathstrutbox@=\box59
\strutbox@=\box60
LaTeX Info: Redefining \big on input line 722.
LaTeX Info: Redefining \Big on input line 723.
LaTeX Info: Redefining \bigg on input line 724.
LaTeX Info: Redefining \Bigg on input line 725.
\big@size=\dimen156
LaTeX Font Info:    Redeclaring font encoding OML on input line 743.
LaTeX Font Info:    Redeclaring font encoding OMS on input line 744.
\macc@depth=\count331
LaTeX Info: Redefining \bmod on input line 905.
LaTeX Info: Redefining \pmod on input line 910.
LaTeX Info: Redefining \smash on input line 940.
LaTeX Info: Redefining \relbar on input line 970.
LaTeX Info: Redefining \Relbar on input line 971.
\c@MaxMatrixCols=\count332
\dotsspace@=\muskip16
\c@parentequation=\count333
\dspbrk@lvl=\count334
\tag@help=\toks28
\row@=\count335
\column@=\count336
\maxfields@=\count337
\andhelp@=\toks29
\eqnshift@=\dimen157
\alignsep@=\dimen158
\tagshift@=\dimen159
\tagwidth@=\dimen160
\totwidth@=\dimen161
\lineht@=\dimen162
\@envbody=\toks30
\multlinegap=\skip76
\multlinetaggap=\skip77
\mathdisplay@stack=\toks31
LaTeX Info: Redefining \[ on input line 2953.
LaTeX Info: Redefining \] on input line 2954.
)
\c@LWR@amsmathdepth=\count338
\c@LWR@maxfields@=\count339

Including 'warpMathJax' comment.
\openout3 = `comment_mathjax.cut'.

 Straight input of comment_mathjax.cut.
(comment_mathjax.cut))
(C:\Program Files\MiKTeX 2.9\tex/latex/jknappen\mathrsfs.sty
Package: mathrsfs 1996/01/01 Math RSFS package v1.0 (jk)
\symrsfs=\mathgroup6
)
(C:\Users\nicfr\AppData\Roaming\MiKTeX\2.9\tex/latex/bbm\bbm.sty
Package: bbm 1999/03/15 V 1.2 provides fonts for set symbols - TH
LaTeX Font Info:    Overwriting math alphabet `\mathbbm' in version `bold'
(Font)                  U/bbm/m/n --> U/bbm/bx/n on input line 33.
LaTeX Font Info:    Overwriting math alphabet `\mathbbmss' in version `bold'
(Font)                  U/bbmss/m/n --> U/bbmss/bx/n on input line 35.
)
(C:\Program Files\MiKTeX 2.9\tex/latex/lwarp\lwarp-graphicx.sty
Package lwarp Info: Using package `graphicx',
(lwarp)             and adding lwarp modifications, including options,
(lwarp)              on input line 20.
Package: lwarp-graphicx 2020/09/09

(C:\Program Files\MiKTeX 2.9\tex/latex/graphics\graphicx.sty
Package: graphicx 2021/09/16 v1.2d Enhanced LaTeX Graphics (DPC,SPQR)

(C:\Program Files\MiKTeX 2.9\tex/latex/lwarp\lwarp-graphics.sty
Package lwarp Info: Using package `graphics',
(lwarp)             and adding lwarp modifications, including options,
(lwarp)              on input line 20.
Package: lwarp-graphics 2020/08/30

(C:\Program Files\MiKTeX 2.9\tex/latex/graphics\graphics.sty
Package: graphics 2022/03/10 v1.4e Standard LaTeX Graphics (DPC,SPQR)

(C:\Program Files\MiKTeX 2.9\tex/latex/graphics\trig.sty
Package: trig 2021/08/11 v1.11 sin cos tan (DPC)
)
(C:\Program Files\MiKTeX 2.9\tex/latex/graphics-cfg\graphics.cfg
File: graphics.cfg 2016/06/04 v1.11 sample graphics configuration
)
Package graphics Info: Driver file: pdftex.def on input line 107.
)
\LWR@igwidth=\skip78
\LWR@igheight=\skip79
\LWR@imagesizebox=\box61
)
\Gin@req@height=\dimen163
\Gin@req@width=\dimen164
))
(C:\Program Files\MiKTeX 2.9\tex/latex/lwarp\lwarp-ntheorem.sty
Package lwarp Info: Using package `ntheorem',
(lwarp)             and adding lwarp modifications, including options,
(lwarp)              on input line 50.
Package: lwarp-ntheorem 2011/08/15

(C:\Users\nicfr\AppData\Roaming\MiKTeX\2.9\tex/latex/ntheorem\ntheorem.sty
Style `ntheorem', Version 1.33 <2011/08/15>
Package: ntheorem 2011/08/15 1.33
\theorem@style=\toks32
\theorem@@style=\toks33
\theorembodyfont=\toks34
\theoremnumbering=\toks35
\theorempreskipamount=\skip80
\theorempostskipamount=\skip81
\theoremframepreskipamount=\skip82
\theoremframepostskipamount=\skip83
\theoreminframepreskipamount=\skip84
\theoreminframepostskipamount=\skip85
\theorem@preskip=\toks36
\theorem@postskip=\toks37
\theorem@framepreskip=\toks38
\theorem@framepostskip=\toks39
\theorem@inframepreskip=\toks40
\theorem@inframepostskip=\toks41
\theoremindent=\dimen165
\theorem@indent=\dimen166
\theoremrightindent=\dimen167
\theorem@rightindent=\dimen168
\theoremheaderfont=\toks42
\theoremseparator=\toks43
\theoremprework=\toks44
\theorempostwork=\toks45
\theoremsymbol=\toks46
\qedsymbol=\toks47
\theoremkeyword=\toks48
\qedsymbol=\toks49
\thm@topsep=\skip86
\thm@topsepadd=\skip87
)) (C:\Program Files\MiKTeX 2.9\tex/latex/lwarp\lwarp-framed.sty
Package lwarp Info: Using package `framed',
(lwarp)             and adding lwarp modifications, including options,
(lwarp)              on input line 19.
Package: lwarp-framed 2011/10/22

(C:\Users\nicfr\AppData\Roaming\MiKTeX\2.9\tex/latex/framed\framed.sty
Package: framed 2011/10/22 v 0.96: framed or shaded text with page breaks
\OuterFrameSep=\skip88
\fb@frw=\dimen169
\fb@frh=\dimen170
\FrameRule=\dimen171
\FrameSep=\dimen172
))
(C:\Program Files\MiKTeX 2.9\tex/latex/lwarp\lwarp-enumitem.sty
Package lwarp Info: Using package `enumitem',
(lwarp)             and adding lwarp modifications, including options,
(lwarp)              on input line 18.
Package: lwarp-enumitem 2018/11/30

(C:\Users\nicfr\AppData\Roaming\MiKTeX\2.9\tex/latex/enumitem\enumitem.sty
Package: enumitem 2019/06/20 v3.9 Customized lists
\labelindent=\skip89
\enit@outerparindent=\dimen173
\enit@toks=\toks50
\enit@inbox=\box62
\enit@count@id=\count340
\enitdp@description=\count341
))
\c@pslisti=\count342
\c@pslistii=\count343
\c@pslistiii=\count344
\enitdp@pslist=\count345

(C:\Program Files\MiKTeX 2.9\tex/latex/lwarp\lwarp-xr-hyper.sty
Package lwarp Info: Replacing package `xr-hyper' with the lwarp version,
(lwarp)             and discarding options, on input line 19.
Package: lwarp-xr-hyper 2019/10/03

(C:\Program Files\MiKTeX 2.9\tex/latex/lwarp\lwarp-xr.sty
Package lwarp Info: Using package `xr',
(lwarp)             and adding lwarp modifications, including options,
(lwarp)              on input line 19.
Package: lwarp-xr 2019/07/22

(C:\Users\nicfr\AppData\Roaming\MiKTeX\2.9\tex/latex/tools\xr.sty
Package: xr 2020-05-10 v5.06 eXternal References (DPC)
)))
(C:\Program Files\MiKTeX 2.9\tex/latex/lwarp\lwarp-hyperref.sty
Package lwarp Info: Using the lwarp HTML version of package `hyperref',
(lwarp)             and discarding options except backref, pagebackref.
(lwarp)             (Not using \ProvidesPackage, so that other packages
(lwarp)             do not attempt to patch lwarp's version of `hyperref'.)
(lwarp)              on input line 25.
)
(C:\Program Files\MiKTeX 2.9\tex/latex/lwarp\lwarp-cleveref.sty
Package lwarp Info: Using package `cleveref',
(lwarp)             and adding lwarp modifications, including options,
(lwarp)              on input line 18.
Package: lwarp-cleveref 2018/03/27

(C:\Users\nicfr\AppData\Roaming\MiKTeX\2.9\tex/latex/cleveref\cleveref.sty
Package: cleveref 2018/03/27 v0.21.4 Intelligent cross-referencing
Package cleveref Info: `ntheorem' support loaded on input line 3055.
))
(C:\Program Files\MiKTeX 2.9\tex/latex/lwarp\lwarp-atbegshi.sty
Package lwarp Info: Replacing package `atbegshi' with the lwarp version,
(lwarp)             and discarding options, on input line 18.
Package: lwarp-atbegshi 2011/10/05
\AtBeginShipoutBox=\box63
)
(C:\Users\nicfr\AppData\Roaming\MiKTeX\2.9\tex/latex/picture\picture.sty
Package: picture 2020-04-22 v1.6 Dimens for picture macros (HO)
Package picture Info: Calculation method: calc.
)
(C:\Program Files\MiKTeX 2.9\tex/latex/lwarp\lwarp-hyperxmp.sty
Package lwarp Info: Replacing package `hyperxmp' with the lwarp version,
(lwarp)             and discarding options, on input line 18.
Package: lwarp-hyperxmp 2018/11/27
)
\c@thm_counter=\count346
\c@solution=\count347
\LWR@userspaperwidth=\skip90
\LWR@userspaperheight=\skip91
\LWR@usersmarginparwidth=\skip92
\LWR@userstextwidth=\skip93
\LWR@userstextheight=\skip94

(MAS350-converted_html.aux)
\openout1 = `MAS350-converted_html.aux'.

LaTeX Font Info:    Checking defaults for OML/cmm/m/it on input line 205.
LaTeX Font Info:    ... okay on input line 205.
LaTeX Font Info:    Checking defaults for OMS/cmsy/m/n on input line 205.
LaTeX Font Info:    ... okay on input line 205.
LaTeX Font Info:    Checking defaults for OT1/cmr/m/n on input line 205.
LaTeX Font Info:    ... okay on input line 205.
LaTeX Font Info:    Checking defaults for T1/cmr/m/n on input line 205.
LaTeX Font Info:    ... okay on input line 205.
LaTeX Font Info:    Checking defaults for TS1/cmr/m/n on input line 205.
LaTeX Font Info:    ... okay on input line 205.
LaTeX Font Info:    Checking defaults for OMX/cmex/m/n on input line 205.
LaTeX Font Info:    ... okay on input line 205.
LaTeX Font Info:    Checking defaults for U/cmr/m/n on input line 205.
LaTeX Font Info:    ... okay on input line 205.
LaTeX Info: Redefining \microtypecontext on input line 205.
Package microtype Info: Applying patch `item' on input line 205.
Package microtype Info: Applying patch `toc' on input line 205.
Package microtype Info: Applying patch `eqnum' on input line 205.


Package microtype Warning: Unable to apply patch `footnote' on input line 205.

Package microtype Info: Applying patch `verbatim' on input line 205.
Package microtype Info: Generating PDF output.
Package microtype Info: No character protrusion.
Package microtype Info: No font expansion.
Package microtype Info: No adjustment of tracking.
Package microtype Info: No adjustment of interword spacing.
Package microtype Info: No adjustment of character kerning.
(C:\Users\nicfr\AppData\Roaming\MiKTeX\2.9\tex/latex/microtype\mt-cmr.cfg
File: mt-cmr.cfg 2013/05/19 v2.2 microtype config. file: Computer Modern Roman 
(RS)
)
*geometry* driver: auto-detecting
*geometry* detected driver: pdftex
*geometry* verbose mode - [ preamble ] result:
* driver: pdftex
* paper: custom
* layout: <same size as paper>
* layoutoffset:(h,v)=(0.0pt,0.0pt)
* modes: heightrounded 
* h-part:(L,W,R)=(144.54pt, 867.24pt, 433.62pt)
* v-part:(T,H,B)=(72.26999pt, 13586.76001pt, 72.26999pt)
* \paperwidth=1445.4pt
* \paperheight=13731.29999pt
* \textwidth=1011.77557pt
* \textheight=10985.0819pt
* \oddsidemargin=72.27pt
* \evensidemargin=72.27pt
* \topmargin=-37.0pt
* \headheight=12.0pt
* \headsep=25.0pt
* \topskip=10.0pt
* \footskip=30.0pt
* \marginparwidth=57.0pt
* \marginparsep=11.0pt
* \columnsep=10.0pt
* \skip\footins=9.0pt plus 4.0pt minus 2.0pt
* \hoffset=0.0pt
* \voffset=0.0pt
* \mag=1000
* \@twocolumnfalse
* \@twosidefalse
* \@mparswitchfalse
* \@reversemarginfalse
* (1in=72.27pt=25.4mm, 1cm=28.453pt)

(C:\Program Files\MiKTeX 2.9\tex/latex/lwarp\lwarp-geometry.sty
Package lwarp Info: Replacing package `geometry' with the lwarp version,
(lwarp)             and discarding options, on input line 20.
Package: lwarp-geometry 2018/04/16
)
\LWR@colorminipagebox=\box64

(C:\Users\nicfr\AppData\Roaming\MiKTeX\2.9\tex/context/base/mkii\supp-pdf.mkii
[Loading MPS to PDF converter (version 2006.09.02).]
\scratchcounter=\count348
\scratchdimen=\dimen174
\scratchbox=\box65
\nofMPsegments=\count349
\nofMParguments=\count350
\everyMPshowfont=\toks51
\MPscratchCnt=\count351
\MPscratchDim=\dimen175
\MPnumerator=\count352
\makeMPintoPDFobject=\count353
\everyMPtoPDFconversion=\toks52
) (C:\Program Files\MiKTeX 2.9\tex/latex/lwarp\lwarp-epstopdf-base.sty
Package lwarp Info: Using package `epstopdf-base',
(lwarp)             and adding lwarp modifications, including options,
(lwarp)              on input line 18.
Package: lwarp-epstopdf-base 2020-01-24

(C:\Users\nicfr\AppData\Roaming\MiKTeX\2.9\tex/latex/epstopdf-pkg\epstopdf-base
.sty
Package: epstopdf-base 2020-01-24 v2.11 Base part for package epstopdf
Package epstopdf-base Info: Redefining graphics rule for `.eps' on input line 4
85.
 (C:\Program Files\MiKTeX 2.9\tex/latex/00miktex\epstopdf-sys.cfg
File: epstopdf-sys.cfg 2021/03/18 v2.0 Configuration of epstopdf for MiKTeX
)))
\openout6 = `MAS350-converted-images.txt'.

LaTeX Font Info:    Trying to load font information for T1+lmtt on input line 2
05.

(C:\Program Files\MiKTeX 2.9\tex/latex/lm\t1lmtt.fd
File: t1lmtt.fd 2015/05/01 v1.6.1 Font defs for Latin Modern
)
File: "lwarp_mathjax.txt"  (verbatim)
LaTeX Font Info:    Trying to load font information for TS1+lmtt on input line 
205.

(C:\Program Files\MiKTeX 2.9\tex/latex/lm\ts1lmtt.fd
File: ts1lmtt.fd 2015/05/01 v1.6.1 Font defs for Latin Modern
)
---
Package lwarp:
Processing MathJax customizations for the first HTML page.
Later HTML pages will take the same amount of time.
If this takes too long, see the Lwarp manual regarding customizing MathJax.
Done.
---
[1

{C:/Users/nicfr/AppData/Local/MiKTeX/2.9/fonts/map/pdftex/pdftex.map}{C:/Progra
m Files/MiKTeX 2.9/fonts/enc/dvips/lm/lm-ec.enc}{C:/Program Files/MiKTeX 2.9/fo
nts/enc/dvips/lm/lm-ts1.enc}]
\openout7 = `MAS350-converted_html.sidetoc'.

 [2] (MAS350-converted_html.toc)
\tf@toc=\write9
\openout9 = `MAS350-converted_html.toc'.

 [3]
File: "lwarp_mathjax.txt"  (verbatim)
 [4]
(MAS350-converted_html.sidetoc) [5]
LaTeX Font Info:    Trying to load font information for TS1+lmr on input line 2
68.

(C:\Program Files\MiKTeX 2.9\tex/latex/lm\ts1lmr.fd
File: ts1lmr.fd 2015/05/01 v1.6.1 Font defs for Latin Modern
) [6]
File: "lwarp_mathjax.txt"  (verbatim)
 [7]
(MAS350-converted_html.sidetoc) [8]
LaTeX Font Info:    Calculating math sizes for size <11> on input line 361.
LaTeX Font Info:    Trying to load font information for OT1+lmr on input line 3
61.

(C:\Program Files\MiKTeX 2.9\tex/latex/lm\ot1lmr.fd
File: ot1lmr.fd 2015/05/01 v1.6.1 Font defs for Latin Modern
)
LaTeX Font Info:    Trying to load font information for OML+lmm on input line 3
61.

(C:\Program Files\MiKTeX 2.9\tex/latex/lm\omllmm.fd
File: omllmm.fd 2015/05/01 v1.6.1 Font defs for Latin Modern
)
LaTeX Font Info:    Trying to load font information for OMS+lmsy on input line 
361.

(C:\Program Files\MiKTeX 2.9\tex/latex/lm\omslmsy.fd
File: omslmsy.fd 2015/05/01 v1.6.1 Font defs for Latin Modern
)
LaTeX Font Info:    Trying to load font information for OMX+lmex on input line 
361.

(C:\Program Files\MiKTeX 2.9\tex/latex/lm\omxlmex.fd
File: omxlmex.fd 2015/05/01 v1.6.1 Font defs for Latin Modern
)
LaTeX Font Info:    External font `lmex10' loaded for size
(Font)              <11> on input line 361.
LaTeX Font Info:    External font `lmex10' loaded for size
(Font)              <7.69997> on input line 361.
LaTeX Font Info:    External font `lmex10' loaded for size
(Font)              <5.5> on input line 361.
LaTeX Font Info:    Trying to load font information for U+msa on input line 361
.

(C:\Program Files\MiKTeX 2.9\tex/latex/amsfonts\umsa.fd
File: umsa.fd 2013/01/14 v3.01 AMS symbols A
)
(C:\Users\nicfr\AppData\Roaming\MiKTeX\2.9\tex/latex/microtype\mt-msa.cfg
File: mt-msa.cfg 2006/02/04 v1.1 microtype config. file: AMS symbols (a) (RS)
)
LaTeX Font Info:    Trying to load font information for U+msb on input line 361
.

(C:\Program Files\MiKTeX 2.9\tex/latex/amsfonts\umsb.fd
File: umsb.fd 2013/01/14 v3.01 AMS symbols B
)
(C:\Users\nicfr\AppData\Roaming\MiKTeX\2.9\tex/latex/microtype\mt-msb.cfg
File: mt-msb.cfg 2005/06/01 v1.0 microtype config. file: AMS symbols (b) (RS)
)
LaTeX Font Info:    Trying to load font information for U+rsfs on input line 36
1.

(C:\Program Files\MiKTeX 2.9\tex/latex/jknappen\ursfs.fd
File: ursfs.fd 1998/03/24 rsfs font definition file (jk)
)

LaTeX Font Warning: Font shape `U/rsfs/m/n' in size <5.5> not available
(Font)              size <5> substituted on input line 361.

[9{C:/Program Files/MiKTeX 2.9/fonts/enc/dvips/lm/lm-mathit.enc}{C:/Program Fil
es/MiKTeX 2.9/fonts/enc/dvips/lm/lm-rm.enc}{C:/Program Files/MiKTeX 2.9/fonts/e
nc/dvips/lm/lm-mathsy.enc}] [10]
File: "lwarp_mathjax.txt"  (verbatim)
 [11] (MAS350-converted_html.sidetoc) [12]
[13] [14] [15] [16] [17]
File: "lwarp_mathjax.txt"  (verbatim)
 [18] (MAS350-converted_html.sidetoc) [19] [20]

LaTeX Warning: Reference `ps:measure_basic' on page 21 undefined on input line 
530.


LaTeX Warning: Reference `chap:lebesbgue_integration' on page 21 undefined on i
nput line 535.

[21] [22] [23] [24]
File: "lwarp_mathjax.txt"  (verbatim)
 [25] (MAS350-converted_html.sidetoc) [26]

LaTeX Warning: Reference `ps:borel_closed' on page 27 undefined on input line 6
23.

[27]
LaTeX Font Info:    Font shape `T1/lmtt/bx/n' in size <11> not available
(Font)              Font shape `T1/lmtt/b/n' tried instead on input line 685.
 [28{C:/Program Files/MiKTeX 2.9/fonts/enc/dvips/lm/lm-mathex.enc}]
File: "lwarp_mathjax.txt"  (verbatim)

[29] (MAS350-converted_html.sidetoc) [30] [31] [32]
File: "lwarp_mathjax.txt"  (verbatim)
 [33]
(MAS350-converted_html.sidetoc) [34]
File: "lwarp_mathjax.txt"  (verbatim)
 [35] (MAS350-converted_html.sidetoc)
[36]
File: "lwarp_mathjax.txt"  (verbatim)
 [37] (MAS350-converted_html.sidetoc) [38]
File: "lwarp_mathjax.txt"  (verbatim)
 [39]
(MAS350-converted_html.sidetoc) [40]
File: "lwarp_mathjax.txt"  (verbatim)
 [41] (MAS350-converted_html.sidetoc)
Excluding 'warpprint' comment. [42]
No file MAS350-converted_html.ind.
[43]
\tf@thm=\write10
\openout10 = `MAS350-converted_html.thm'.

 (MAS350-converted_html.aux)

LaTeX Font Warning: Size substitutions with differences
(Font)              up to 0.5pt have occurred.


LaTeX Warning: There were undefined references.

 ) ) 
Here is how much of TeX's memory you used:
 16970 strings out of 476376
 328847 string characters out of 5795630
 1924845 words of memory out of 5000000
 36598 multiletter control sequences out of 15000+600000
 552987 words of font info for 68 fonts, out of 8000000 for 9000
 1141 hyphenation exceptions out of 8191
 93i,7n,108p,1050b,948s stack positions out of 10000i,1000n,20000p,200000b,200000s
<C:/Program Files/MiKTeX 2.9/fonts/type1/public/lm/lmbx12.pfb><C:/Program F
iles/MiKTeX 2.9/fonts/type1/public/lm/lmcsc10.pfb><C:/Program Files/MiKTeX 2.9/
fonts/type1/public/lm/lmex10.pfb><C:/Program Files/MiKTeX 2.9/fonts/type1/publi
c/lm/lmmi12.pfb><C:/Program Files/MiKTeX 2.9/fonts/type1/public/lm/lmmi6.pfb><C
:/Program Files/MiKTeX 2.9/fonts/type1/public/lm/lmmi8.pfb><C:/Program Files/Mi
KTeX 2.9/fonts/type1/public/lm/lmr12.pfb><C:/Program Files/MiKTeX 2.9/fonts/typ
e1/public/lm/lmr6.pfb><C:/Program Files/MiKTeX 2.9/fonts/type1/public/lm/lmr8.p
fb><C:/Program Files/MiKTeX 2.9/fonts/type1/public/lm/lmri12.pfb><C:/Program Fi
les/MiKTeX 2.9/fonts/type1/public/lm/lmsy10.pfb><C:/Program Files/MiKTeX 2.9/fo
nts/type1/public/lm/lmsy8.pfb><C:/Program Files/MiKTeX 2.9/fonts/type1/public/l
m/lmtk10.pfb><C:/Program Files/MiKTeX 2.9/fonts/type1/public/lm/lmtt12.pfb><C:/
Program Files/MiKTeX 2.9/fonts/type1/public/lm/lmtt8.pfb><C:/Program Files/MiKT
eX 2.9/fonts/type1/public/lm/lmtti10.pfb><C:/Program Files/MiKTeX 2.9/fonts/typ
e1/public/amsfonts/symbols/msbm10.pfb>
Output written on MAS350-converted_html.pdf (43 pages, 454600 bytes).
PDF statistics:
 245 PDF objects out of 1000 (max. 8388607)
 0 named destinations out of 1000 (max. 500000)
 1 words of extra memory for PDF output out of 10000 (max. 10000000)

